<?xml version="1.0" encoding="UTF-8"?>
<testsuite xmlns:xsi="http://www.w3.org/2001/XMLSchema-instance" xsi:noNamespaceSchemaLocation="https://maven.apache.org/surefire/maven-surefire-plugin/xsd/surefire-test-report-3.0.xsd" version="3.0" name="com.demo.AppTest" time="0.179" tests="11" errors="0" skipped="0" failures="0">
  <properties>
[...]
</properties>
  <testcase name="testCancelFromOrdered" classname="com.demo.AppTest" time="0.072"/>
  <testcase name="testShippedToOutForDelivery" classname="com.demo.AppTest" time="0.005"/>
  <testcase name="testInvalidShippedToDelivered" classname="com.demo.AppTest" time="0.003"/>
  <testcase name="testOutForDeliveryToDelivered" classname="com.demo.AppTest" time="0.006"/>
  <testcase name="testFullDeliveryFlow" classname="com.demo.AppTest" time="0.002"/>
  <testcase name="testInvalidOrderedToOutForDelivery" classname="com.demo.AppTest" time="0.004"/>
  <testcase name="testOrderedToShipped" classname="com.demo.AppTest" time="0.0"/>
  <testcase name="testNoTransitionFromDelivered" classname="com.demo.AppTest" time="0.002"/>
  <testcase name="testInvalidOrderedToDelivered" classname="com.demo.AppTest" time="0.002"/>
  <testcase name="testNoTransitionFromCancelled" classname="com.demo.AppTest" time="0.002"/>
  <testcase name="testInitialStatusIsOrdered" classname="com.demo.AppTest" time="0.002"/>
</testsuite>